<?xml version="1.0" encoding="UTF-8"?>
<testsuite xmlns:xsi="http://www.w3.org/2001/XMLSchema-instance" xsi:noNamespaceSchemaLocation="https://maven.apache.org/surefire/maven-surefire-plugin/xsd/surefire-test-report-3.0.xsd" version="3.0" name="com.example.githubrepository.RepositoryControllerTest" time="3.759" tests="1" errors="0" skipped="0" failures="0">
  <properties>
[...]
</properties>
  <testcase name="testGetRepositoryDetails" classname="com.example.githubrepository.RepositoryControllerTest" time="1.818">
    <system-out><![CDATA[11:54:26.198 [main] INFO org.springframework.test.context.support.AnnotationConfigContextLoaderUtils -- Could not detect default configuration classes for test class [com.example.githubrepository.RepositoryControllerTest]: RepositoryControllerTest does not declare any static, non-private, non-final, nested classes annotated with @Configuration.
11:54:26.244 [main] INFO org.springframework.boot.test.context.SpringBootTestContextBootstrapper -- Found @SpringBootConfiguration com.example.githubrepository.GithubrepositoryApplication for test class com.example.githubrepository.RepositoryControllerTest

  .   ____          _            __ _ _
 /\\ / ___'_ __ _ _(_)_ __  __ _ \ \ \ \
( ( )\___ | '_ | '_| | '_ \/ _` | \ \ \ \
 \\/  ___)| |_)| | | | | || (_| |  ) ) ) )
  '  |____| .__|_| |_|_| |_\__, | / / / /
 =========|_|==============|___/=/_/_/_/
 :: Spring Boot ::                (v3.2.9)

2024-08-30T11:54:26.411+08:00  INFO 23561 --- [githubrepository] [           main] c.e.g.RepositoryControllerTest           : Starting RepositoryControllerTest using Java 21.0.4 with PID 23561 (started by uma in /Users/uma/Downloads/githubrepository)
2024-08-30T11:54:26.412+08:00  INFO 23561 --- [githubrepository] [           main] c.e.g.RepositoryControllerTest           : No active profile set, falling back to 1 default profile: "default"
2024-08-30T11:54:26.688+08:00  INFO 23561 --- [githubrepository] [           main] .s.d.r.c.RepositoryConfigurationDelegate : Bootstrapping Spring Data JPA repositories in DEFAULT mode.
2024-08-30T11:54:26.711+08:00  INFO 23561 --- [githubrepository] [           main] .s.d.r.c.RepositoryConfigurationDelegate : Finished Spring Data repository scanning in 19 ms. Found 1 JPA repository interface.
2024-08-30T11:54:26.954+08:00  INFO 23561 --- [githubrepository] [           main] o.s.b.w.embedded.tomcat.TomcatWebServer  : Tomcat initialized with port 0 (http)
2024-08-30T11:54:26.962+08:00  INFO 23561 --- [githubrepository] [           main] o.apache.catalina.core.StandardService   : Starting service [Tomcat]
2024-08-30T11:54:26.962+08:00  INFO 23561 --- [githubrepository] [           main] o.apache.catalina.core.StandardEngine    : Starting Servlet engine: [Apache Tomcat/10.1.28]
2024-08-30T11:54:26.986+08:00  INFO 23561 --- [githubrepository] [           main] o.a.c.c.C.[Tomcat].[localhost].[/]       : Initializing Spring embedded WebApplicationContext
2024-08-30T11:54:26.986+08:00  INFO 23561 --- [githubrepository] [           main] w.s.c.ServletWebServerApplicationContext : Root WebApplicationContext: initialization completed in 566 ms
2024-08-30T11:54:27.002+08:00  INFO 23561 --- [githubrepository] [           main] com.zaxxer.hikari.HikariDataSource       : HikariPool-1 - Starting...
2024-08-30T11:54:27.096+08:00  INFO 23561 --- [githubrepository] [           main] com.zaxxer.hikari.pool.HikariPool        : HikariPool-1 - Added connection conn0: url=jdbc:h2:mem:testdb user=SA
2024-08-30T11:54:27.097+08:00  INFO 23561 --- [githubrepository] [           main] com.zaxxer.hikari.HikariDataSource       : HikariPool-1 - Start completed.
2024-08-30T11:54:27.104+08:00  INFO 23561 --- [githubrepository] [           main] o.s.b.a.h2.H2ConsoleAutoConfiguration    : H2 console available at '/h2-console'. Database available at 'jdbc:h2:mem:testdb'
2024-08-30T11:54:27.163+08:00  INFO 23561 --- [githubrepository] [           main] o.hibernate.jpa.internal.util.LogHelper  : HHH000204: Processing PersistenceUnitInfo [name: default]
2024-08-30T11:54:27.190+08:00  INFO 23561 --- [githubrepository] [           main] org.hibernate.Version                    : HHH000412: Hibernate ORM core version 6.4.10.Final
2024-08-30T11:54:27.207+08:00  INFO 23561 --- [githubrepository] [           main] o.h.c.internal.RegionFactoryInitiator    : HHH000026: Second-level cache disabled
2024-08-30T11:54:27.310+08:00  INFO 23561 --- [githubrepository] [           main] o.s.o.j.p.SpringPersistenceUnitInfo      : No LoadTimeWeaver setup: ignoring JPA class transformer
2024-08-30T11:54:27.693+08:00  INFO 23561 --- [githubrepository] [           main] o.h.e.t.j.p.i.JtaPlatformInitiator       : HHH000489: No JTA platform available (set 'hibernate.transaction.jta.platform' to enable JTA platform integration)
2024-08-30T11:54:27.719+08:00  INFO 23561 --- [githubrepository] [           main] j.LocalContainerEntityManagerFactoryBean : Initialized JPA EntityManagerFactory for persistence unit 'default'
2024-08-30T11:54:27.876+08:00  WARN 23561 --- [githubrepository] [           main] JpaBaseConfiguration$JpaWebConfiguration : spring.jpa.open-in-view is enabled by default. Therefore, database queries may be performed during view rendering. Explicitly configure spring.jpa.open-in-view to disable this warning
2024-08-30T11:54:28.047+08:00  INFO 23561 --- [githubrepository] [           main] o.s.b.w.embedded.tomcat.TomcatWebServer  : Tomcat started on port 49288 (http) with context path ''
2024-08-30T11:54:28.052+08:00  INFO 23561 --- [githubrepository] [           main] c.e.g.RepositoryControllerTest           : Started RepositoryControllerTest in 1.748 seconds (process running for 2.184)
2024-08-30T11:54:28.418+08:00  INFO 23561 --- [githubrepository] [o-auto-1-exec-1] o.a.c.c.C.[Tomcat].[localhost].[/]       : Initializing Spring DispatcherServlet 'dispatcherServlet'
2024-08-30T11:54:28.419+08:00  INFO 23561 --- [githubrepository] [o-auto-1-exec-1] o.s.web.servlet.DispatcherServlet        : Initializing Servlet 'dispatcherServlet'
2024-08-30T11:54:28.419+08:00  INFO 23561 --- [githubrepository] [o-auto-1-exec-1] o.s.web.servlet.DispatcherServlet        : Completed initialization in 0 ms
]]></system-out>
    <system-err><![CDATA[WARNING: A Java agent has been loaded dynamically (/Users/uma/.m2/repository/net/bytebuddy/byte-buddy-agent/1.14.19/byte-buddy-agent-1.14.19.jar)
WARNING: If a serviceability tool is in use, please run with -XX:+EnableDynamicAgentLoading to hide this warning
WARNING: If a serviceability tool is not in use, please run with -Djdk.instrument.traceUsage for more information
WARNING: Dynamic loading of agents will be disallowed by default in a future release
]]></system-err>
  </testcase>
</testsuite>